{"C:\\Users\\Tiyyo\\Documents\\Projets\\projet_oclock\\projet-o-sport-back\\app\\helpers\\env.load.ts": {"path":"C:\\Users\\Tiyyo\\Documents\\Projets\\projet_oclock\\projet-o-sport-back\\app\\helpers\\env.load.ts","all":false,"statementMap":{"0":{"start":{"line":1,"column":0},"end":{"line":1,"column":28}},"1":{"start":{"line":2,"column":0},"end":{"line":2,"column":0}},"2":{"start":{"line":3,"column":0},"end":{"line":3,"column":34}}},"s":{"0":1,"1":1,"2":1},"branchMap":{},"b":{},"fnMap":{},"f":{}}
,"C:\\Users\\Tiyyo\\Documents\\Projets\\projet_oclock\\projet-o-sport-back\\app\\middleware\\validate.user.ts": {"path":"C:\\Users\\Tiyyo\\Documents\\Projets\\projet_oclock\\projet-o-sport-back\\app\\middleware\\validate.user.ts","all":false,"statementMap":{"0":{"start":{"line":1,"column":0},"end":{"line":1,"column":58}},"1":{"start":{"line":2,"column":0},"end":{"line":2,"column":31}},"2":{"start":{"line":3,"column":0},"end":{"line":3,"column":50}},"3":{"start":{"line":4,"column":0},"end":{"line":4,"column":0}},"4":{"start":{"line":5,"column":0},"end":{"line":5,"column":23}},"5":{"start":{"line":6,"column":0},"end":{"line":6,"column":0}},"6":{"start":{"line":7,"column":0},"end":{"line":7,"column":28}},"7":{"start":{"line":8,"column":0},"end":{"line":8,"column":15}},"8":{"start":{"line":9,"column":0},"end":{"line":9,"column":16}},"9":{"start":{"line":10,"column":0},"end":{"line":10,"column":21}},"10":{"start":{"line":11,"column":0},"end":{"line":11,"column":6}},"11":{"start":{"line":12,"column":0},"end":{"line":12,"column":25}},"12":{"start":{"line":13,"column":0},"end":{"line":13,"column":28}},"13":{"start":{"line":14,"column":0},"end":{"line":14,"column":42}},"14":{"start":{"line":15,"column":0},"end":{"line":15,"column":0}},"15":{"start":{"line":16,"column":0},"end":{"line":16,"column":78}},"16":{"start":{"line":17,"column":0},"end":{"line":17,"column":0}},"17":{"start":{"line":18,"column":0},"end":{"line":18,"column":7}},"18":{"start":{"line":19,"column":0},"end":{"line":19,"column":80}},"19":{"start":{"line":20,"column":0},"end":{"line":20,"column":118}},"20":{"start":{"line":21,"column":0},"end":{"line":21,"column":39}},"21":{"start":{"line":22,"column":0},"end":{"line":22,"column":0}},"22":{"start":{"line":23,"column":0},"end":{"line":23,"column":46}},"23":{"start":{"line":24,"column":0},"end":{"line":24,"column":60}},"24":{"start":{"line":25,"column":0},"end":{"line":25,"column":51}},"25":{"start":{"line":26,"column":0},"end":{"line":26,"column":7}},"26":{"start":{"line":27,"column":0},"end":{"line":27,"column":0}},"27":{"start":{"line":28,"column":0},"end":{"line":28,"column":59}},"28":{"start":{"line":29,"column":0},"end":{"line":29,"column":40}},"29":{"start":{"line":30,"column":0},"end":{"line":30,"column":7}},"30":{"start":{"line":31,"column":0},"end":{"line":31,"column":0}},"31":{"start":{"line":32,"column":0},"end":{"line":32,"column":101}},"32":{"start":{"line":33,"column":0},"end":{"line":33,"column":20}},"33":{"start":{"line":34,"column":0},"end":{"line":34,"column":7}},"34":{"start":{"line":35,"column":0},"end":{"line":35,"column":19}},"35":{"start":{"line":36,"column":0},"end":{"line":36,"column":57}},"36":{"start":{"line":37,"column":0},"end":{"line":37,"column":3}},"37":{"start":{"line":38,"column":0},"end":{"line":38,"column":2}},"38":{"start":{"line":39,"column":0},"end":{"line":39,"column":0}},"39":{"start":{"line":40,"column":0},"end":{"line":40,"column":28}}},"s":{"0":1,"1":1,"2":1,"3":1,"4":1,"5":1,"6":1,"7":2,"8":2,"9":2,"10":2,"11":2,"12":2,"13":2,"14":2,"15":2,"16":2,"17":2,"18":2,"19":2,"20":0,"21":0,"22":0,"23":2,"24":0,"25":0,"26":0,"27":2,"28":0,"29":0,"30":0,"31":0,"32":0,"33":2,"34":2,"35":0,"36":0,"37":2,"38":1,"39":1},"branchMap":{"0":{"type":"branch","line":7,"loc":{"start":{"line":7,"column":21},"end":{"line":38,"column":2}},"locations":[{"start":{"line":7,"column":21},"end":{"line":38,"column":2}}]},"1":{"type":"branch","line":16,"loc":{"start":{"line":16,"column":10},"end":{"line":16,"column":46}},"locations":[{"start":{"line":16,"column":10},"end":{"line":16,"column":46}}]},"2":{"type":"branch","line":16,"loc":{"start":{"line":16,"column":46},"end":{"line":16,"column":78}},"locations":[{"start":{"line":16,"column":46},"end":{"line":16,"column":78}}]},"3":{"type":"branch","line":35,"loc":{"start":{"line":35,"column":2},"end":{"line":37,"column":3}},"locations":[{"start":{"line":35,"column":2},"end":{"line":37,"column":3}}]},"4":{"type":"branch","line":19,"loc":{"start":{"line":19,"column":55},"end":{"line":34,"column":5}},"locations":[{"start":{"line":19,"column":55},"end":{"line":34,"column":5}}]},"5":{"type":"branch","line":20,"loc":{"start":{"line":20,"column":10},"end":{"line":20,"column":29}},"locations":[{"start":{"line":20,"column":10},"end":{"line":20,"column":29}}]},"6":{"type":"branch","line":20,"loc":{"start":{"line":20,"column":18},"end":{"line":20,"column":58}},"locations":[{"start":{"line":20,"column":18},"end":{"line":20,"column":58}}]},"7":{"type":"branch","line":20,"loc":{"start":{"line":20,"column":116},"end":{"line":24,"column":59}},"locations":[{"start":{"line":20,"column":116},"end":{"line":24,"column":59}}]},"8":{"type":"branch","line":24,"loc":{"start":{"line":24,"column":59},"end":{"line":28,"column":58}},"locations":[{"start":{"line":24,"column":59},"end":{"line":28,"column":58}}]},"9":{"type":"branch","line":28,"loc":{"start":{"line":28,"column":58},"end":{"line":33,"column":20}},"locations":[{"start":{"line":28,"column":58},"end":{"line":33,"column":20}}]}},"b":{"0":[2],"1":[0],"2":[0],"3":[0],"4":[2],"5":[0],"6":[0],"7":[0],"8":[0],"9":[0]},"fnMap":{"0":{"name":"validateUser","decl":{"start":{"line":7,"column":21},"end":{"line":38,"column":2}},"loc":{"start":{"line":7,"column":21},"end":{"line":38,"column":2}},"line":7}},"f":{"0":2}}
,"C:\\Users\\Tiyyo\\Documents\\Projets\\projet_oclock\\projet-o-sport-back\\app\\utils\\checkParams.ts": {"path":"C:\\Users\\Tiyyo\\Documents\\Projets\\projet_oclock\\projet-o-sport-back\\app\\utils\\checkParams.ts","all":false,"statementMap":{"0":{"start":{"line":1,"column":0},"end":{"line":1,"column":72}},"1":{"start":{"line":2,"column":0},"end":{"line":2,"column":0}},"2":{"start":{"line":3,"column":0},"end":{"line":3,"column":35}},"3":{"start":{"line":4,"column":0},"end":{"line":4,"column":44}},"4":{"start":{"line":5,"column":0},"end":{"line":5,"column":0}},"5":{"start":{"line":6,"column":0},"end":{"line":6,"column":35}},"6":{"start":{"line":7,"column":0},"end":{"line":7,"column":38}},"7":{"start":{"line":8,"column":0},"end":{"line":8,"column":3}},"8":{"start":{"line":9,"column":0},"end":{"line":9,"column":22}},"9":{"start":{"line":10,"column":0},"end":{"line":10,"column":1}},"10":{"start":{"line":11,"column":0},"end":{"line":11,"column":0}},"11":{"start":{"line":12,"column":0},"end":{"line":12,"column":27}}},"s":{"0":1,"1":1,"2":0,"3":0,"4":0,"5":0,"6":0,"7":0,"8":0,"9":0,"10":1,"11":1},"branchMap":{},"b":{},"fnMap":{"0":{"name":"checkParams","decl":{"start":{"line":3,"column":0},"end":{"line":10,"column":1}},"loc":{"start":{"line":3,"column":0},"end":{"line":10,"column":1}},"line":3}},"f":{"0":0}}
}
